2016/02/22 18:03:18 --> db prices initialized with a max pool of: 5
2016/02/22 18:03:18 --> dynamic-pricing started with environment: dev
2016/02/22 18:04:00 /prices request received.
2016/02/22 18:04:01 --> prices-service: 10 price rows retrieved.
2016/02/22 18:04:01 /prices status 200 response in 495 ms.
11:17:55.090 main ▶ INFO 001[0m --> dynamic-pricing started with environment: dev
11:18:04.527 pricesController ▶ INFO 002[0m /prices request received.
11:18:05.509 pricesController ▶ INFO 003[0m /prices status 200 response in -225 ms.
11:40:37.952 main ▶ INFO 001[0m --> dynamic-pricing started with environment: dev
11:40:52.790 pricesController ▶ INFO 002[0m /prices request received.
11:41:04.358 pricesController ▶ INFO 003[0m /prices status 200 response in -524 ms.
12:55:42.384 main ▶ INFO 001[0m --> dynamic-pricing started with environment: dev
12:57:03.587 main ▶ INFO 001[0m --> dynamic-pricing started with environment: dev and listening in port: 8000
12:57:26.324 pricesController ▶ INFO 002[0m /prices request received.
12:57:27.287 pricesController ▶ INFO 003[0m /prices status 200 response in 238 ms.
[36m13:01:32.049 Initialize ▶ DEBU 001[0m --> db prices initialized with a max pool of: 5
13:01:32.049 main ▶ INFO 002[0m --> dynamic-pricing started with environment: dev and listening in port: 8000
13:01:49.874 pricesController ▶ INFO 003[0m /prices request received.
[36m13:01:50.344 GetPrices ▶ DEBU 004[0m --> prices-service: %v price rows retrieved.
 10
13:01:50.345 pricesController ▶ INFO 005[0m /prices status 200 response in -565 ms.
[36m13:32:15.178 Initialize ▶ DEBU 001[0m prices dataservice initialized with a max pool of: 5
13:32:15.180 main ▶ INFO 002[0m dynamic-pricing started with environment: dev and listening in port: 8000
13:32:21.997 pricesController ▶ INFO 003[0m /prices request received.
[36m13:32:23.081 GetPrices ▶ DEBU 004[0m prices-dataservice: %v price rows retrieved in %v ms 10 1.08379891s
13:32:23.081 pricesController ▶ INFO 005[0m /prices status 200 response in 1.084332248s ms.
13:32:24.343 pricesController ▶ INFO 006[0m /prices request received.
[36m13:32:24.610 GetPrices ▶ DEBU 007[0m prices-dataservice: %v price rows retrieved in %v ms 10 266.415199ms
13:32:24.610 pricesController ▶ INFO 008[0m /prices status 200 response in 266.606987ms ms.
13:32:25.053 pricesController ▶ INFO 009[0m /prices request received.
[36m13:32:25.234 GetPrices ▶ DEBU 00a[0m prices-dataservice: %v price rows retrieved in %v ms 10 181.099458ms
13:32:25.235 pricesController ▶ INFO 00b[0m /prices status 200 response in 181.412522ms ms.
13:32:25.691 pricesController ▶ INFO 00c[0m /prices request received.
[36m13:32:25.932 GetPrices ▶ DEBU 00d[0m prices-dataservice: %v price rows retrieved in %v ms 10 241.148511ms
13:32:25.932 pricesController ▶ INFO 00e[0m /prices status 200 response in 241.44674ms ms.
[36m14:04:51.447 Initialize ▶ DEBU 001[0m prices dataservice initialized with a max pool of: 5
14:04:51.447 main ▶ INFO 002[0m dynamic-pricing started with environment: dev and listening in port: 8000
[36m14:15:43.450 Initialize ▶ DEBU 001[0m prices dataservice initialized with a max pool of: 5
14:15:43.451 main ▶ INFO 002[0m dynamic-pricing started with environment: dev and listening in port: 8000
14:15:50.137 PricesController ▶ INFO 003[0m /prices request received.
[36m14:15:54.139 GetPrices ▶ DEBU 004[0m prices-dataservice: 10 price rows retrieved in 4.001892266s
14:15:54.139 PricesController ▶ INFO 005[0m /prices status 200 response in 4.002475544s
[36m14:21:58.693 Initialize ▶ DEBU 001[0m prices dataservice initialized with a max pool of: 5
14:21:58.695 main ▶ INFO 002[0m dynamic-pricing started with environment: dev and listening in port: 8000
14:22:08.241 PricesController ▶ INFO 003[0m /prices request received.
[36m14:22:09.116 GetPrices ▶ DEBU 004[0m 10 price rows retrieved in 874.747314ms
14:22:09.117 PricesController ▶ INFO 005[0m /prices status 200 response in 875.165153ms
14:22:09.763 PricesController ▶ INFO 006[0m /prices request received.
[36m14:22:09.924 GetPrices ▶ DEBU 007[0m 10 price rows retrieved in 160.047466ms
14:22:09.924 PricesController ▶ INFO 008[0m /prices status 200 response in 160.310219ms
[36m08:35:47.666 Initialize ▶ DEBU 001[0m prices dataservice initialized with a max pool of: 5
08:35:47.669 main ▶ INFO 002[0m dynamic-pricing started with environment: dev and listening in port: 8000
08:35:54.520 PricesController ▶ INFO 003[0m /prices request received.
[35m08:36:00.547 GetPrices ▶ CRIT 004[0m dial tcp 10.1.108.161:3306: getsockopt: connection refused
[36m08:36:17.139 Initialize ▶ DEBU 001[0m prices dataservice initialized with a max pool of: 5
08:36:17.139 main ▶ INFO 002[0m dynamic-pricing started with environment: dev and listening in port: 8000
08:37:13.165 PricesController ▶ INFO 003[0m /prices request received.
[36m08:37:20.859 GetPrices ▶ DEBU 004[0m 10 price rows retrieved in 7.693775596s
08:37:20.859 PricesController ▶ INFO 005[0m /prices status 200 response in 7.694483791s
